<?xml version="1.0" encoding="UTF-8"?>
<!-- Generated by org.testng.reporters.JUnitXMLReporter -->
<testsuite hostname="SON04601" ignored="0" name="Test" tests="3" failures="0" timestamp="2020-04-24T12:53:43 EDT" time="29.152" errors="0">
  <testcase name="invalidUserName" time="8.708" classname="com.qa.tests.SignInPageTests"/>
  <testcase name="validUserName" time="7.91" classname="com.qa.tests.SignInPageTests"/>
  <testcase name="signOut" time="1.054" classname="com.qa.tests.SignInPageTests"/>
</testsuite> <!-- Test -->
